[18:03:12] [main/INFO] (FabricLoader/GameProvider) Loading Minecraft 1.21 with Fabric Loader 0.16.7
[18:03:12] [main/INFO] (FabricLoader) Loading 76 mods:
	- appleskin 3.0.5+mc1.21
	   \-- cloth-config 15.0.127
	        \-- cloth-basic-math 0.6.1
	- architectury 13.0.8
	- biomesoplenty 21.0.0.15
	- controlling 18.0.4
	- cookyourfood 1.12
	- davidtech 1.0.0
	- fabric-api 0.102.0+1.21
	- fabric-api-base 0.4.42+6573ed8cd1
	- fabric-api-lookup-api-v1 1.6.68+b5597344d1
	- fabric-biome-api-v1 13.0.29+5bd9f1bcd1
	- fabric-block-api-v1 1.0.22+0af3f5a7d1
	- fabric-block-view-api-v2 1.0.10+6573ed8cd1
	- fabric-blockrenderlayer-v1 1.1.52+0af3f5a7d1
	- fabric-client-tags-api-v1 1.1.15+6573ed8cd1
	- fabric-command-api-v1 1.2.49+f71b366fd1
	- fabric-command-api-v2 2.2.28+6ced4dd9d1
	- fabric-commands-v0 0.2.66+df3654b3d1
	- fabric-content-registries-v0 8.0.16+b5597344d1
	- fabric-convention-tags-v1 2.0.19+7f945d5bd1
	- fabric-convention-tags-v2 2.5.0+c5e2b5c6d1
	- fabric-crash-report-info-v1 0.2.29+0af3f5a7d1
	- fabric-data-attachment-api-v1 1.1.27+6a6dfa19d1
	- fabric-data-generation-api-v1 20.2.16+16c4ae25d1
	- fabric-dimensions-v1 4.0.0+6fc22b99d1
	- fabric-entity-events-v1 1.6.12+6fc22b99d1
	- fabric-events-interaction-v0 0.7.12+ba9dae06d1
	- fabric-game-rule-api-v1 1.0.53+6ced4dd9d1
	- fabric-gametest-api-v1 2.0.4+6fc22b99d1
	- fabric-item-api-v1 11.0.0+afdfc921d1
	- fabric-item-group-api-v1 4.1.4+78017270d1
	- fabric-key-binding-api-v1 1.0.47+0af3f5a7d1
	- fabric-keybindings-v0 0.2.45+df3654b3d1
	- fabric-lifecycle-events-v1 2.3.12+6c1df360d1
	- fabric-loot-api-v2 3.0.14+3f89f5a5d1
	- fabric-loot-api-v3 1.0.2+3f89f5a5d1
	- fabric-message-api-v1 6.0.13+6573ed8cd1
	- fabric-model-loading-api-v1 2.0.0+fe474d6bd1
	- fabric-networking-api-v1 4.2.2+60c3209bd1
	- fabric-object-builder-api-v1 15.2.0+a551f7a4d1
	- fabric-particles-v1 4.0.2+6573ed8cd1
	- fabric-recipe-api-v1 5.0.12+65089712d1
	- fabric-registry-sync-v0 5.1.2+60c3209bd1
	- fabric-renderer-api-v1 3.4.0+c705a49cd1
	- fabric-renderer-indigo 1.7.0+c705a49cd1
	- fabric-renderer-registries-v1 3.2.68+df3654b3d1
	- fabric-rendering-data-attachment-v1 0.3.48+73761d2ed1
	- fabric-rendering-fluids-v1 3.1.6+b5597344d1
	- fabric-rendering-v0 1.1.71+df3654b3d1
	- fabric-rendering-v1 5.0.5+df16efd0d1
	- fabric-resource-conditions-api-v1 4.3.0+8dc279b1d1
	- fabric-resource-loader-v0 1.3.0+56599129d1
	- fabric-screen-api-v1 2.0.24+b5597344d1
	- fabric-screen-handler-api-v1 1.3.86+b5597344d1
	- fabric-sound-api-v1 1.0.23+6573ed8cd1
	- fabric-transfer-api-v1 5.1.16+3dccd343d1
	- fabric-transitive-access-wideners-v1 6.1.0+176f9036d1
	- fabricloader 0.16.7
	- ftblibrary 2100.1.4
	- ftbquests 2100.1.4
	   \-- team_reborn_energy 4.1.0
	- ftbteams 2100.1.0
	- glitchcore 2.0.0.2
	   |-- com_electronwill_night-config_core 3.6.7
	   |-- com_electronwill_night-config_toml 3.6.7
	   \-- net_jodah_typetools 0.6.3
	- jade 15.1.5+fabric
	- java 21
	- jei 19.21.0.246
	- minecraft 1.21
	- mixinextras 0.4.1
	- mousetweaks 2.26
	- searchables 1.0.5
	- sodium 0.5.11+mc1.21
	- terrablender 4.0.0.2
	   |-- com_electronwill_night-config_core 3.6.7
	   \-- com_electronwill_night-config_toml 3.6.7
[18:03:18] [main/INFO] (FabricLoader/Mixin) SpongePowered MIXIN Subsystem Version=0.8.7 Source=file:/C:/Users/david/.gradle/caches/modules-2/files-2.1/net.fabricmc/sponge-mixin/0.15.3+mixin.0.8.7/51ee0a44ab05f6fddd66b09e66b3a16904f9c55d/sponge-mixin-0.15.3+mixin.0.8.7.jar Service=Knot/Fabric Env=CLIENT
[18:03:18] [main/INFO] (FabricLoader/Mixin) Loaded Fabric development mappings for mixin remapper!
[18:03:18] [main/INFO] (FabricLoader/Mixin) Compatibility level set to JAVA_17
[18:03:18] [main/INFO] (FabricLoader/Mixin) Compatibility level set to JAVA_21
[18:03:18] [main/INFO] (Sodium) Loaded configuration file for Sodium: 42 options available, 0 override(s) found
[18:03:19] [main/INFO] (Sodium-GraphicsAdapterProbe) Searching for graphics cards...
[18:03:19] [main/INFO] (Sodium-GraphicsAdapterProbe) Found graphics adapter: AdapterInfo{vendor=NVIDIA, description='NVIDIA GeForce RTX 4060', adapterType=0x0000031B, openglIcdFilePath='C:\WINDOWS\System32\DriverStore\FileRepository\nv_dispi.inf_amd64_ea7f458f0e49497d\nvoglv64.dll', openglIcdVersion=32.0.15.6590}
[18:03:19] [main/WARN] (Sodium-Workarounds) Sodium has applied one or more workarounds to prevent crashes or other issues on your system: [NVIDIA_THREADED_OPTIMIZATIONS]
[18:03:19] [main/WARN] (Sodium-Workarounds) This is not necessarily an issue, but it may result in certain features or optimizations being disabled. You can sometimes fix these issues by upgrading your graphics driver.
[18:03:19] [main/INFO] (FabricLoader/MixinExtras|Service) Initializing MixinExtras via com.llamalad7.mixinextras.service.MixinExtrasServiceImpl(version=0.4.1).
[18:03:20] [Datafixer Bootstrap/INFO] (Minecraft) 226 Datafixer optimizations took 268 milliseconds
[18:03:26] [Render thread/INFO] (Minecraft) Environment: Environment[sessionHost=https://sessionserver.mojang.com, servicesHost=https://api.minecraftservices.com, name=PROD]
[18:03:26] [Render thread/INFO] (Minecraft) Setting user: Player476
[18:03:26] [Render thread/INFO] (NetworkManagerImpl) Registering S2C receiver with id ftbteams:sync_teams
[18:03:26] [Render thread/INFO] (NetworkManagerImpl) Registering S2C receiver with id ftbteams:sync_msg_history
[18:03:26] [Render thread/INFO] (NetworkManagerImpl) Registering S2C receiver with id ftbteams:open_my_team_gui
[18:03:26] [Render thread/INFO] (NetworkManagerImpl) Registering S2C receiver with id ftbteams:update_properties_response
[18:03:26] [Render thread/INFO] (NetworkManagerImpl) Registering S2C receiver with id ftbteams:send_message_response
[18:03:26] [Render thread/INFO] (NetworkManagerImpl) Registering S2C receiver with id ftbteams:update_presence
[18:03:26] [Render thread/INFO] (NetworkManagerImpl) Registering C2S receiver with id ftbteams:open_gui
[18:03:26] [Render thread/INFO] (NetworkManagerImpl) Registering C2S receiver with id ftbteams:update_propeties_request
[18:03:26] [Render thread/INFO] (NetworkManagerImpl) Registering C2S receiver with id ftbteams:send_message
[18:03:26] [Render thread/INFO] (NetworkManagerImpl) Registering C2S receiver with id ftbteams:create_party
[18:03:26] [Render thread/INFO] (NetworkManagerImpl) Registering C2S receiver with id ftbteams:player_gui_operation
[18:03:26] [Render thread/INFO] (davidtech) Welcome davidtech to Fabric!
[18:03:26] [Render thread/INFO] (davidtech) Registering Items!
[18:03:26] [Render thread/INFO] (davidtech) Registered item: stonedust with ID: davidtech:stonedust
[18:03:26] [Render thread/INFO] (davidtech) Registered item: stoneingot with ID: davidtech:stoneingot
[18:03:26] [Render thread/INFO] (davidtech) Registered item: obsidiandust with ID: davidtech:obsidiandust
[18:03:26] [Render thread/INFO] (davidtech) Registered item: ironplate with ID: davidtech:ironplate
[18:03:26] [Render thread/INFO] (davidtech) Registered item: ironrod with ID: davidtech:ironrod
[18:03:26] [Render thread/INFO] (davidtech) Registered item: ironbolt with ID: davidtech:ironbolt
[18:03:26] [Render thread/INFO] (davidtech) Registered item: ironmachinecasing with ID: davidtech:ironmachinecasing
[18:03:26] [Render thread/INFO] (davidtech) Registered item: tier0generator with ID: davidtech:tier0generator
[18:03:26] [Render thread/INFO] (davidtech) Registered item: mortar with ID: davidtech:mortar
[18:03:26] [Render thread/INFO] (davidtech) Registered item: ironmortar with ID: davidtech:ironmortar
[18:03:26] [Render thread/INFO] (davidtech) Registered item: softmallet with ID: davidtech:softmallet
[18:03:26] [Render thread/INFO] (davidtech) Registered item: ironhammer with ID: davidtech:ironhammer
[18:03:26] [Render thread/INFO] (davidtech) Registered item: ironfile with ID: davidtech:ironfile
[18:03:26] [Render thread/INFO] (davidtech) Registered item: ironwrench with ID: davidtech:ironwrench
[18:03:26] [Render thread/INFO] (davidtech) Registering Item Groups
[18:03:26] [Render thread/INFO] (davidtech) Registering Blocks!
[18:03:26] [Render thread/INFO] (davidtech) Registering Mod Blocks for davidtech
[18:03:26] [Render thread/INFO] (terrablender) Registered region minecraft:overworld to index 0 for type OVERWORLD
[18:03:26] [Render thread/INFO] (terrablender) Registered region minecraft:nether to index 0 for type NETHER
[18:03:26] [Render thread/INFO] (terrablender) Registered region biomesoplenty:overworld_primary to index 1 for type OVERWORLD
[18:03:26] [Render thread/INFO] (terrablender) Registered region biomesoplenty:overworld_secondary to index 2 for type OVERWORLD
[18:03:26] [Render thread/INFO] (terrablender) Registered region biomesoplenty:overworld_rare to index 3 for type OVERWORLD
[18:03:26] [Render thread/INFO] (terrablender) Registered region biomesoplenty:nether_common to index 1 for type NETHER
[18:03:26] [Render thread/INFO] (terrablender) Registered region biomesoplenty:nether_rare to index 2 for type NETHER
[18:03:26] [Render thread/INFO] (NetworkManagerImpl) Registering S2C receiver with id ftblibrary:edit_config
[18:03:26] [Render thread/INFO] (NetworkManagerImpl) Registering S2C receiver with id ftblibrary:edit_nbt
[18:03:26] [Render thread/INFO] (NetworkManagerImpl) Registering S2C receiver with id ftblibrary:sync_known_server_registries
[18:03:26] [Render thread/INFO] (NetworkManagerImpl) Registering C2S receiver with id ftblibrary:edit_nbt_response
[18:03:26] [Render thread/ERROR] (Minecraft) No data fixer registered for biomesoplenty:boat
[18:03:26] [Render thread/ERROR] (Minecraft) No data fixer registered for biomesoplenty:chest_boat
[18:03:26] [Render thread/ERROR] (Minecraft) No data fixer registered for anomaly
[18:03:27] [Render thread/INFO] (NetworkManagerImpl) Registering C2S receiver with id ftbquests:change_chapter_group_message
[18:03:27] [Render thread/INFO] (NetworkManagerImpl) Registering C2S receiver with id ftbquests:change_progress_message
[18:03:27] [Render thread/INFO] (NetworkManagerImpl) Registering C2S receiver with id ftbquests:claim_all_rewards_message
[18:03:27] [Render thread/INFO] (NetworkManagerImpl) Registering C2S receiver with id ftbquests:claim_choice_reward_message
[18:03:27] [Render thread/INFO] (NetworkManagerImpl) Registering C2S receiver with id ftbquests:claim_reward_message
[18:03:27] [Render thread/INFO] (NetworkManagerImpl) Registering C2S receiver with id ftbquests:copy_chapter_image_message
[18:03:27] [Render thread/INFO] (NetworkManagerImpl) Registering C2S receiver with id ftbquests:copy_quest_message
[18:03:27] [Render thread/INFO] (NetworkManagerImpl) Registering C2S receiver with id ftbquests:create_object_message
[18:03:27] [Render thread/INFO] (NetworkManagerImpl) Registering C2S receiver with id ftbquests:create_task_at_message
[18:03:27] [Render thread/INFO] (NetworkManagerImpl) Registering C2S receiver with id ftbquests:delete_object_message
[18:03:27] [Render thread/INFO] (NetworkManagerImpl) Registering C2S receiver with id ftbquests:edit_object_message
[18:03:27] [Render thread/INFO] (NetworkManagerImpl) Registering C2S receiver with id ftbquests:force_save_message
[18:03:27] [Render thread/INFO] (NetworkManagerImpl) Registering C2S receiver with id ftbquests:get_emergency_items_message
[18:03:27] [Render thread/INFO] (NetworkManagerImpl) Registering C2S receiver with id ftbquests:move_chapter_group_message
[18:03:27] [Render thread/INFO] (NetworkManagerImpl) Registering C2S receiver with id ftbquests:move_chapter_message
[18:03:27] [Render thread/INFO] (NetworkManagerImpl) Registering C2S receiver with id ftbquests:move_movable_message
[18:03:27] [Render thread/INFO] (NetworkManagerImpl) Registering C2S receiver with id ftbquests:request_team_data_message
[18:03:27] [Render thread/INFO] (NetworkManagerImpl) Registering C2S receiver with id ftbquests:request_translation_table
[18:03:27] [Render thread/INFO] (NetworkManagerImpl) Registering C2S receiver with id ftbquests:set_custom_image_message
[18:03:27] [Render thread/INFO] (NetworkManagerImpl) Registering C2S receiver with id ftbquests:submit_task_message
[18:03:27] [Render thread/INFO] (NetworkManagerImpl) Registering C2S receiver with id ftbquests:sync_structures_request_message
[18:03:27] [Render thread/INFO] (NetworkManagerImpl) Registering C2S receiver with id ftbquests:sync_translation_to_server
[18:03:27] [Render thread/INFO] (NetworkManagerImpl) Registering C2S receiver with id ftbquests:task_screen_config_response_message
[18:03:27] [Render thread/INFO] (NetworkManagerImpl) Registering C2S receiver with id ftbquests:toggle_chapter_pinned_message
[18:03:27] [Render thread/INFO] (NetworkManagerImpl) Registering C2S receiver with id ftbquests:toggle_editing_mode_message
[18:03:27] [Render thread/INFO] (NetworkManagerImpl) Registering C2S receiver with id ftbquests:toggle_pinned_message
[18:03:27] [Render thread/INFO] (NetworkManagerImpl) Registering S2C receiver with id ftbquests:change_chapter_group_response_message
[18:03:27] [Render thread/INFO] (NetworkManagerImpl) Registering S2C receiver with id ftbquests:claim_reward_response_message
[18:03:27] [Render thread/INFO] (NetworkManagerImpl) Registering S2C receiver with id ftbquests:clear_display_cache_message
[18:03:27] [Render thread/INFO] (NetworkManagerImpl) Registering S2C receiver with id ftbquests:create_object_response_message
[18:03:27] [Render thread/INFO] (NetworkManagerImpl) Registering S2C receiver with id ftbquests:create_other_team_data_message
[18:03:27] [Render thread/INFO] (NetworkManagerImpl) Registering S2C receiver with id ftbquests:delete_object_response_message
[18:03:27] [Render thread/INFO] (NetworkManagerImpl) Registering S2C receiver with id ftbquests:display_completion_toast_message
[18:03:27] [Render thread/INFO] (NetworkManagerImpl) Registering S2C receiver with id ftbquests:display_item_reward_toast_message
[18:03:27] [Render thread/INFO] (NetworkManagerImpl) Registering S2C receiver with id ftbquests:display_reward_toast_message
[18:03:27] [Render thread/INFO] (NetworkManagerImpl) Registering S2C receiver with id ftbquests:edit_object_response_message
[18:03:27] [Render thread/INFO] (NetworkManagerImpl) Registering S2C receiver with id ftbquests:move_chapter_group_response_message
[18:03:27] [Render thread/INFO] (NetworkManagerImpl) Registering S2C receiver with id ftbquests:move_chapter_response_message
[18:03:27] [Render thread/INFO] (NetworkManagerImpl) Registering S2C receiver with id ftbquests:move_movable_response_message
[18:03:27] [Render thread/INFO] (NetworkManagerImpl) Registering S2C receiver with id ftbquests:object_completed_message
[18:03:27] [Render thread/INFO] (NetworkManagerImpl) Registering S2C receiver with id ftbquests:object_completed_reset_message
[18:03:27] [Render thread/INFO] (NetworkManagerImpl) Registering S2C receiver with id ftbquests:object_started_message
[18:03:27] [Render thread/INFO] (NetworkManagerImpl) Registering S2C receiver with id ftbquests:object_started_reset_message
[18:03:27] [Render thread/INFO] (NetworkManagerImpl) Registering S2C receiver with id ftbquests:open_quest_book_message
[18:03:27] [Render thread/INFO] (NetworkManagerImpl) Registering S2C receiver with id ftbquests:reset_reward_message
[18:03:27] [Render thread/INFO] (NetworkManagerImpl) Registering S2C receiver with id ftbquests:sync_editing_mode_message
[18:03:27] [Render thread/INFO] (NetworkManagerImpl) Registering S2C receiver with id ftbquests:sync_editor_permission_message
[18:03:27] [Render thread/INFO] (NetworkManagerImpl) Registering S2C receiver with id ftbquests:sync_lock_message
[18:03:27] [Render thread/INFO] (NetworkManagerImpl) Registering S2C receiver with id ftbquests:sync_quests_message
[18:03:27] [Render thread/INFO] (NetworkManagerImpl) Registering S2C receiver with id ftbquests:sync_reward_blocking_message
[18:03:27] [Render thread/INFO] (NetworkManagerImpl) Registering S2C receiver with id ftbquests:sync_structures_response_message
[18:03:27] [Render thread/INFO] (NetworkManagerImpl) Registering S2C receiver with id ftbquests:sync_team_data_message
[18:03:27] [Render thread/INFO] (NetworkManagerImpl) Registering S2C receiver with id ftbquests:sync_translation_to_client
[18:03:27] [Render thread/INFO] (NetworkManagerImpl) Registering S2C receiver with id ftbquests:sync_translation_table
[18:03:27] [Render thread/INFO] (NetworkManagerImpl) Registering S2C receiver with id ftbquests:task_screen_config_request_message
[18:03:27] [Render thread/INFO] (NetworkManagerImpl) Registering S2C receiver with id ftbquests:team_data_changed_message
[18:03:27] [Render thread/INFO] (NetworkManagerImpl) Registering S2C receiver with id ftbquests:toggle_chapter_pinned_response_message
[18:03:27] [Render thread/INFO] (NetworkManagerImpl) Registering S2C receiver with id ftbquests:toggle_pinned_response_message
[18:03:27] [Render thread/INFO] (NetworkManagerImpl) Registering S2C receiver with id ftbquests:update_task_progress_message
[18:03:27] [Render thread/INFO] (NetworkManagerImpl) Registering S2C receiver with id ftbquests:update_team_data_message
[18:03:27] [Render thread/INFO] (Indigo) [Indigo] Different rendering plugin detected; not applying Indigo.
[18:03:27] [Render thread/INFO] (PluginCaller) Sending ConfigManager...
[18:03:27] [Render thread/INFO] (PluginCaller) Sending ConfigManager took 1.309 ms
[18:03:27] [Render thread/INFO] (NetworkManagerImpl) Registering S2C receiver with id architectury:spawn_entity_packet
[18:03:27] [Render thread/INFO] (Minecraft) [STDOUT]: [Mouse Tweaks] Main.initialize()
[18:03:27] [Render thread/INFO] (Minecraft) [STDOUT]: [Mouse Tweaks] Initialized.
[18:03:28] [Render thread/INFO] (Minecraft) Backend library: LWJGL version 3.3.3-snapshot
[18:03:28] [Render thread/WARN] (Sodium-NvidiaWorkarounds) Applying workaround: Prevent the NVIDIA OpenGL driver from using broken optimizations (NVIDIA_THREADED_OPTIMIZATIONS)
[18:03:29] [Render thread/INFO] (Minecraft) Reloading ResourceManager: vanilla, fabric, appleskin, biomesoplenty, cloth-config, controlling, cookyourfood, davidtech, fabric-api, fabric-api-base, fabric-api-lookup-api-v1, fabric-biome-api-v1, fabric-block-api-v1, fabric-block-view-api-v2, fabric-blockrenderlayer-v1, fabric-client-tags-api-v1, fabric-command-api-v1, fabric-command-api-v2, fabric-commands-v0, fabric-content-registries-v0, fabric-convention-tags-v1, fabric-convention-tags-v2, fabric-crash-report-info-v1, fabric-data-attachment-api-v1, fabric-data-generation-api-v1, fabric-dimensions-v1, fabric-entity-events-v1, fabric-events-interaction-v0, fabric-game-rule-api-v1, fabric-gametest-api-v1, fabric-item-api-v1, fabric-item-group-api-v1, fabric-key-binding-api-v1, fabric-keybindings-v0, fabric-lifecycle-events-v1, fabric-loot-api-v2, fabric-loot-api-v3, fabric-message-api-v1, fabric-model-loading-api-v1, fabric-networking-api-v1, fabric-object-builder-api-v1, fabric-particles-v1, fabric-recipe-api-v1, fabric-registry-sync-v0, fabric-renderer-api-v1, fabric-renderer-indigo, fabric-renderer-registries-v1, fabric-rendering-data-attachment-v1, fabric-rendering-fluids-v1, fabric-rendering-v0, fabric-rendering-v1, fabric-resource-conditions-api-v1, fabric-resource-loader-v0, fabric-screen-api-v1, fabric-screen-handler-api-v1, fabric-sound-api-v1, fabric-transfer-api-v1, fabric-transitive-access-wideners-v1, fabricloader, ftblibrary, ftbquests, ftbteams, jade, jei, searchables, sodium, team_reborn_energy, terrablender
[18:03:29] [Render thread/INFO] (Jade) Start loading plugin from Jade: snownee.jade.addon.core.CorePlugin
[18:03:29] [Worker-Main-13/INFO] (Minecraft) Found unifont_all_no_pua-15.1.05.hex, loading
[18:03:29] [Render thread/INFO] (Jade) Bootstrapped plugin from snownee.jade.addon.core.CorePlugin in 150.9 ms
[18:03:29] [Render thread/INFO] (Jade) Loaded plugin from snownee.jade.addon.core.CorePlugin in 169.1 ms
[18:03:29] [Render thread/INFO] (Jade) Start loading plugin from Jade: snownee.jade.addon.vanilla.VanillaPlugin
[18:03:29] [Worker-Main-2/INFO] (Minecraft) Found unifont_jp_patch-15.1.05.hex, loading
[18:03:29] [Render thread/INFO] (Jade) Bootstrapped plugin from snownee.jade.addon.vanilla.VanillaPlugin in 76.84 ms
[18:03:29] [Render thread/INFO] (Jade) Loaded plugin from snownee.jade.addon.vanilla.VanillaPlugin in 80.21 ms
[18:03:29] [Render thread/INFO] (Jade) Start loading plugin from Jade: snownee.jade.addon.universal.UniversalPlugin
[18:03:29] [Render thread/INFO] (Jade) Bootstrapped plugin from snownee.jade.addon.universal.UniversalPlugin in 15.86 ms
[18:03:29] [Render thread/INFO] (Jade) Loaded plugin from snownee.jade.addon.universal.UniversalPlugin in 16.74 ms
[18:03:29] [Render thread/INFO] (Jade) Start loading plugin from Jade: snownee.jade.addon.debug.DebugPlugin
[18:03:29] [Render thread/INFO] (Jade) Bootstrapped plugin from snownee.jade.addon.debug.DebugPlugin in 6.384 ms
[18:03:29] [Render thread/INFO] (Jade) Loaded plugin from snownee.jade.addon.debug.DebugPlugin in 6.805 ms
[18:03:30] [Render thread/WARN] (Minecraft) Missing sound for event: minecraft:item.goat_horn.play
[18:03:30] [Render thread/WARN] (Minecraft) Missing sound for event: minecraft:entity.goat.screaming.horn_break
[18:03:30] [Render thread/INFO] (Minecraft) OpenAL initialized on device OpenAL Soft on Philips FTV (NVIDIA High Definition Audio)
[18:03:30] [Render thread/INFO] (Minecraft) Sound engine started
[18:03:30] [Render thread/INFO] (Minecraft) Created: 1024x1024x4 minecraft:textures/atlas/blocks.png-atlas
[18:03:30] [Render thread/INFO] (Minecraft) Created: 512x256x4 minecraft:textures/atlas/signs.png-atlas
[18:03:30] [Render thread/INFO] (Minecraft) Created: 512x512x4 minecraft:textures/atlas/banner_patterns.png-atlas
[18:03:30] [Render thread/INFO] (Minecraft) Created: 512x512x4 minecraft:textures/atlas/shield_patterns.png-atlas
[18:03:30] [Render thread/INFO] (Minecraft) Created: 2048x1024x4 minecraft:textures/atlas/armor_trims.png-atlas
[18:03:30] [Render thread/INFO] (Minecraft) Created: 256x256x4 minecraft:textures/atlas/chest.png-atlas
[18:03:30] [Render thread/INFO] (Minecraft) Created: 128x64x4 minecraft:textures/atlas/decorated_pot.png-atlas
[18:03:30] [Render thread/INFO] (Minecraft) Created: 512x256x4 minecraft:textures/atlas/beds.png-atlas
[18:03:30] [Render thread/INFO] (Minecraft) Created: 512x256x4 minecraft:textures/atlas/shulker_boxes.png-atlas
[18:03:31] [Render thread/INFO] (Minecraft) Created: 512x256x0 minecraft:textures/atlas/particles.png-atlas
[18:03:31] [Render thread/INFO] (Minecraft) Created: 512x256x0 minecraft:textures/atlas/paintings.png-atlas
[18:03:31] [Render thread/INFO] (Minecraft) Created: 256x128x0 minecraft:textures/atlas/mob_effects.png-atlas
[18:03:31] [Render thread/INFO] (Minecraft) Created: 64x64x0 minecraft:textures/atlas/map_decorations.png-atlas
[18:03:31] [Render thread/INFO] (Minecraft) Created: 1024x512x0 minecraft:textures/atlas/gui.png-atlas
[18:03:31] [Render thread/WARN] (Minecraft) Shader rendertype_entity_translucent_emissive could not find sampler named Sampler2 in the specified shader program.
[18:03:31] [Render thread/INFO] (Minecraft) Created: 256x256x0 jei:textures/atlas/gui.png-atlas
[18:04:50] [Render thread/INFO] (Minecraft) Loaded 1622 recipes
[18:04:50] [Render thread/INFO] (Minecraft) Loaded 1709 advancements
[18:04:50] [Render thread/INFO] (Jade) LootTableMineableCollector took 3.603 ms
[18:04:51] [Render thread/INFO] (terrablender) Initialized TerraBlender biomes for level stem minecraft:overworld
[18:04:51] [Render thread/INFO] (terrablender) Initialized TerraBlender biomes for level stem minecraft:the_nether
[18:04:51] [Render thread/INFO] (BiomeModificationImpl) Applied 0 biome modifications to 0 of 134 new biomes in 1.556 ms
[18:04:51] [Server thread/INFO] (FTB Teams) loaded team data: 3 known players, 3 teams total
[18:04:51] [Server thread/INFO] (Minecraft) Starting integrated minecraft server version 1.21
[18:04:51] [Server thread/INFO] (Minecraft) Generating keypair
[18:04:52] [Server thread/INFO] (Minecraft) Preparing start region for dimension minecraft:overworld
[18:04:52] [Render thread/INFO] (Minecraft) Preparing spawn area: 0%
[18:04:53] [Render thread/INFO] (Minecraft) Time elapsed: 451 ms
[18:04:53] [Server thread/WARN] (TranslationConventionLogWarnings) 
	Dev warning - Untranslated Item Tags detected. Please translate your item tags so other mods such as recipe viewers can properly display your tag's name.
	The format desired is tag.item.<namespace>.<path> for the translation key with slashes in path turned into periods.
	To disable this message, set this system property in your runs: `-Dfabric-tag-conventions-v2.missingTagTranslationWarning=SILENCED`.
	To see individual untranslated item tags found, set the system property to `-Dfabric-tag-conventions-v2.missingTagTranslationWarning=VERBOSE`.
	Default is `SHORT`.

[18:04:53] [Server thread/INFO] (FTB Quests) Loading quests from C:\Users\david\Desktop\davidtech\run\config\ftbquests\quests
[18:04:53] [Server thread/INFO] (FTB Quests) loaded translation tables for 1 language(s)
[18:04:53] [Server thread/INFO] (FTB Quests) Loaded 1 chapter groups, 1 chapters, 11 quests, 1 reward tables
[18:04:53] [Server thread/INFO] (Minecraft) Changing view distance to 12, from 10
[18:04:53] [Server thread/INFO] (Minecraft) Changing simulation distance to 12, from 0
[18:04:54] [Server thread/INFO] (Minecraft) Player476[local:E:bb39df38] logged in with entity id 8 at (-261.813517930443, 69.0, -209.34632567195538)
[18:04:54] [Server thread/INFO] (Minecraft) Player476 joined the game
[18:04:54] [Render thread/INFO] (ChunkBuilder) Started 10 worker threads
[18:04:54] [Render thread/INFO] (LoggedTimer) Starting JEI...
[18:04:54] [Render thread/INFO] (PluginCaller) Registering item subtypes...
[18:04:54] [Render thread/INFO] (PluginCallerTimerRunnable) Registering item subtypes: jei:minecraft took 14.22 milliseconds
[18:04:54] [Render thread/INFO] (PluginCaller) Registering item subtypes took 15.01 ms
[18:04:54] [Render thread/INFO] (PluginCaller) Registering fluid subtypes...
[18:04:54] [Render thread/INFO] (PluginCaller) Registering fluid subtypes took 4.872 ms
[18:04:54] [Render thread/INFO] (PluginCaller) Registering ingredients...
[18:04:54] [Render thread/WARN] (ItemStackListFactory) Item Group has no display items and no search tab display items. Items from this group will be missing from the JEI ingredient list. Operator Utilities
[18:04:54] [Render thread/WARN] (ItemStackListFactory) Item Group has no display items and no search tab display items. Items from this group will be missing from the JEI ingredient list. FTB Suite
[18:04:54] [Render thread/INFO] (PluginCallerTimerRunnable) Registering ingredients: jei:minecraft took 139.4 milliseconds
[18:04:54] [Render thread/INFO] (PluginCaller) Registering ingredients took 140.0 ms
[18:04:54] [Render thread/INFO] (PluginCaller) Registering extra ingredients...
[18:04:54] [Render thread/INFO] (PluginCaller) Registering extra ingredients took 381.0 μs
[18:04:54] [Render thread/INFO] (PluginCaller) Registering search ingredient aliases...
[18:04:54] [Render thread/INFO] (PluginCaller) Registering search ingredient aliases took 666.7 μs
[18:04:54] [Render thread/INFO] (PluginCaller) Registering Mod Info...
[18:04:54] [Render thread/INFO] (PluginCaller) Registering Mod Info took 674.3 μs
[18:04:54] [Render thread/INFO] (PluginCaller) Registering categories...
[18:04:54] [Render thread/INFO] (PluginCallerTimerRunnable) Registering categories: jei:minecraft took 52.62 milliseconds
[18:04:54] [Render thread/INFO] (PluginCallerTimerRunnable) Registering categories: jei:internal took 14.22 milliseconds
[18:04:54] [Render thread/INFO] (PluginCaller) Registering categories took 67.93 ms
[18:04:54] [Render thread/INFO] (PluginCaller) Registering vanilla category extensions...
[18:04:54] [Render thread/INFO] (PluginCaller) Registering vanilla category extensions took 8.340 ms
[18:04:54] [Render thread/INFO] (PluginCaller) Registering recipe catalysts...
[18:04:54] [Render thread/INFO] (PluginCaller) Registering recipe catalysts took 1.077 ms
[18:04:54] [Render thread/INFO] (LoggedTimer) Building recipe registry...
[18:04:54] [Render thread/INFO] (LoggedTimer) Building recipe registry took 27.50 ms
[18:04:54] [Render thread/INFO] (PluginCaller) Registering advanced plugins...
[18:04:54] [Render thread/INFO] (PluginCaller) Registering advanced plugins took 746.6 μs
[18:04:54] [Render thread/INFO] (PluginCaller) Registering recipes...
[18:04:55] [Render thread/INFO] (PluginCallerTimerRunnable) Registering recipes: jei:minecraft took 178.9 milliseconds
[18:04:55] [Render thread/INFO] (PluginCallerTimerRunnable) Registering recipes: jei:internal took 25.29 milliseconds
[18:04:55] [Render thread/INFO] (PluginCaller) Registering recipes took 205.2 ms
[18:04:55] [Render thread/INFO] (PluginCaller) Registering recipes transfer handlers...
[18:04:55] [Render thread/INFO] (PluginCaller) Registering recipes transfer handlers took 8.019 ms
[18:04:55] [Render thread/INFO] (LoggedTimer) Building runtime...
[18:04:55] [Render thread/INFO] (PluginCaller) Registering gui handlers...
[18:04:55] [Render thread/INFO] (PluginCallerTimerRunnable) Registering gui handlers: jei:minecraft took 20.28 milliseconds
[18:04:55] [Render thread/INFO] (PluginCallerTimerRunnable) Registering gui handlers: jei:gui took 16.11 milliseconds
[18:04:55] [Render thread/INFO] (PluginCaller) Registering gui handlers took 37.38 ms
[18:04:55] [Render thread/INFO] (PluginCaller) Registering Runtime...
[18:04:55] [Render thread/INFO] (JeiGuiStarter) Starting JEI GUI
[18:04:55] [Render thread/INFO] (LoggedTimer) Building ingredient list...
[18:04:55] [Render thread/INFO] (LoggedTimer) Building ingredient list took 42.00 ms
[18:04:55] [Render thread/INFO] (LoggedTimer) Building ingredient filter...
[18:04:55] [Render thread/INFO] (IngredientFilter) Adding 2113 ingredients
[18:04:55] [Render thread/INFO] (IngredientFilter) Added 2113 ingredients
[18:04:55] [Render thread/INFO] (LoggedTimer) Building ingredient filter took 342.4 ms
[18:04:55] [Render thread/INFO] (PluginCallerTimerRunnable) Registering Runtime: jei:fabric_gui took 574.4 milliseconds
[18:04:55] [Render thread/INFO] (PluginCaller) Registering Runtime took 575.3 ms
[18:04:55] [Render thread/INFO] (LoggedTimer) Building runtime took 632.9 ms
[18:04:55] [Render thread/INFO] (PluginCaller) Sending Runtime...
[18:04:55] [Render thread/INFO] (PluginCaller) Sending Runtime took 406.7 μs
[18:04:55] [Render thread/INFO] (LoggedTimer) Starting JEI took 1.275 s
[18:04:55] [Render thread/INFO] (FTB Quests) Read 1897 bytes, 39 objects
[18:04:55] [Render thread/INFO] (Minecraft) Loaded 2 advancements
[18:04:55] [Render thread/INFO] (Jade) Received config from the server: 
[18:04:55] [Render thread/INFO] (Minecraft) Loaded 4 advancements
[18:04:55] [Render thread/INFO] (FTB Quests) received translation table en_us (with 21 entries) from server
[18:04:58] [Render thread/ERROR] (Minecraft) Unreported exception thrown!
java.lang.IllegalArgumentException: Cannot set property DirectionProperty{name=facing, clazz=class net.minecraft.util.math.Direction, values=[north, south, west, east]} as it does not exist in Block{davidtech:tier0generator}
	at knot/net.minecraft.state.State.with(State.java:121) ~[minecraft-common-c2b31d572c-1.21-net.fabricmc.yarn.1_21.1.21+build.9-v2.jar:?]
	at knot/net.davidnet.davidtech.blocks.Tier0Generator.getPlacementState(Tier0Generator.java:22) ~[main/:?]
	at knot/net.minecraft.item.BlockItem.getPlacementState(BlockItem.java:126) ~[minecraft-common-c2b31d572c-1.21-net.fabricmc.yarn.1_21.1.21+build.9-v2.jar:?]
	at knot/net.minecraft.item.BlockItem.place(BlockItem.java:71) ~[minecraft-common-c2b31d572c-1.21-net.fabricmc.yarn.1_21.1.21+build.9-v2.jar:?]
	at knot/net.minecraft.item.BlockItem.useOnBlock(BlockItem.java:46) ~[minecraft-common-c2b31d572c-1.21-net.fabricmc.yarn.1_21.1.21+build.9-v2.jar:?]
	at knot/net.minecraft.item.ItemStack.useOnBlock(ItemStack.java:373) ~[minecraft-common-c2b31d572c-1.21-net.fabricmc.yarn.1_21.1.21+build.9-v2.jar:?]
	at knot/net.minecraft.client.network.ClientPlayerInteractionManager.interactBlockInternal(ClientPlayerInteractionManager.java:363) ~[minecraft-clientOnly-c2b31d572c-1.21-net.fabricmc.yarn.1_21.1.21+build.9-v2.jar:?]
	at knot/net.minecraft.client.network.ClientPlayerInteractionManager.method_41933(ClientPlayerInteractionManager.java:318) ~[minecraft-clientOnly-c2b31d572c-1.21-net.fabricmc.yarn.1_21.1.21+build.9-v2.jar:?]
	at knot/net.minecraft.client.network.ClientPlayerInteractionManager.sendSequencedPacket(ClientPlayerInteractionManager.java:279) ~[minecraft-clientOnly-c2b31d572c-1.21-net.fabricmc.yarn.1_21.1.21+build.9-v2.jar:?]
	at knot/net.minecraft.client.network.ClientPlayerInteractionManager.interactBlock(ClientPlayerInteractionManager.java:317) ~[minecraft-clientOnly-c2b31d572c-1.21-net.fabricmc.yarn.1_21.1.21+build.9-v2.jar:?]
	at knot/net.minecraft.client.MinecraftClient.doItemUse(MinecraftClient.java:1852) ~[minecraft-clientOnly-c2b31d572c-1.21-net.fabricmc.yarn.1_21.1.21+build.9-v2.jar:?]
	at knot/net.minecraft.client.MinecraftClient.handleInputEvents(MinecraftClient.java:2111) ~[minecraft-clientOnly-c2b31d572c-1.21-net.fabricmc.yarn.1_21.1.21+build.9-v2.jar:?]
	at knot/net.minecraft.client.MinecraftClient.tick(MinecraftClient.java:1938) ~[minecraft-clientOnly-c2b31d572c-1.21-net.fabricmc.yarn.1_21.1.21+build.9-v2.jar:?]
	at knot/net.minecraft.client.MinecraftClient.render(MinecraftClient.java:1246) ~[minecraft-clientOnly-c2b31d572c-1.21-net.fabricmc.yarn.1_21.1.21+build.9-v2.jar:?]
	at knot/net.minecraft.client.MinecraftClient.run(MinecraftClient.java:882) [minecraft-clientOnly-c2b31d572c-1.21-net.fabricmc.yarn.1_21.1.21+build.9-v2.jar:?]
	at knot/net.minecraft.client.main.Main.main(Main.java:256) [minecraft-clientOnly-c2b31d572c-1.21-net.fabricmc.yarn.1_21.1.21+build.9-v2.jar:?]
	at net.fabricmc.loader.impl.game.minecraft.MinecraftGameProvider.launch(MinecraftGameProvider.java:480) [fabric-loader-0.16.7.jar:?]
	at net.fabricmc.loader.impl.launch.knot.Knot.launch(Knot.java:74) [fabric-loader-0.16.7.jar:?]
	at net.fabricmc.loader.impl.launch.knot.KnotClient.main(KnotClient.java:23) [fabric-loader-0.16.7.jar:?]
	at net.fabricmc.devlaunchinjector.Main.main(Main.java:86) [dev-launch-injector-0.2.1+build.8.jar:?]
[18:04:58] [Server thread/INFO] (Minecraft) Stopping server
[18:04:58] [Server thread/INFO] (Minecraft) Saving players
[18:04:58] [Server thread/INFO] (Minecraft) Saving worlds
[18:04:58] [Server thread/INFO] (Minecraft) Saving chunks for level 'ServerLevel[New WorldTesarststst]'/minecraft:overworld
[18:04:58] [Server thread/INFO] (Minecraft) Saving chunks for level 'ServerLevel[New WorldTesarststst]'/minecraft:the_end
[18:04:58] [Server thread/INFO] (Minecraft) Saving chunks for level 'ServerLevel[New WorldTesarststst]'/minecraft:the_nether
[18:04:58] [Server thread/INFO] (Minecraft) ThreadedAnvilChunkStorage (New WorldTesarststst): All chunks are saved
[18:04:58] [Server thread/INFO] (Minecraft) ThreadedAnvilChunkStorage (DIM1): All chunks are saved
[18:04:58] [Server thread/INFO] (Minecraft) ThreadedAnvilChunkStorage (DIM-1): All chunks are saved
[18:04:58] [Server thread/INFO] (Minecraft) ThreadedAnvilChunkStorage: All dimensions are saved
[18:04:58] [Render thread/INFO] (ChunkBuilder) Stopping worker threads
